-------------------------------------------------------------------------------
Test set: com.acelerador.polo_it_acelerador.UsuarioControllerResetPasswordIntegrationTest
-------------------------------------------------------------------------------
Tests run: 6, Failures: 2, Errors: 0, Skipped: 0, Time elapsed: 26.436 s <<< FAILURE! - in com.acelerador.polo_it_acelerador.UsuarioControllerResetPasswordIntegrationTest
com.acelerador.polo_it_acelerador.UsuarioControllerResetPasswordIntegrationTest.testCompleteFlowResetAndLogin  Time elapsed: 2.068 s  <<< FAILURE!
java.lang.AssertionError: Status expected:<200> but was:<400>
	at org.springframework.test.util.AssertionErrors.fail(AssertionErrors.java:61)
	at org.springframework.test.util.AssertionErrors.assertEquals(AssertionErrors.java:128)
	at org.springframework.test.web.servlet.result.StatusResultMatchers.lambda$matcher$9(StatusResultMatchers.java:640)
	at org.springframework.test.web.servlet.MockMvc$1.andExpect(MockMvc.java:214)
	at com.acelerador.polo_it_acelerador.UsuarioControllerResetPasswordIntegrationTest.testCompleteFlowResetAndLogin(UsuarioControllerResetPasswordIntegrationTest.java:183)
	at java.base/java.lang.reflect.Method.invoke(Method.java:565)
	at java.base/java.util.ArrayList.forEach(ArrayList.java:1604)
	at java.base/java.util.ArrayList.forEach(ArrayList.java:1604)

com.acelerador.polo_it_acelerador.UsuarioControllerResetPasswordIntegrationTest.testResetPassword_Success  Time elapsed: 2.051 s  <<< FAILURE!
java.lang.AssertionError: Status expected:<200> but was:<400>
	at org.springframework.test.util.AssertionErrors.fail(AssertionErrors.java:61)
	at org.springframework.test.util.AssertionErrors.assertEquals(AssertionErrors.java:128)
	at org.springframework.test.web.servlet.result.StatusResultMatchers.lambda$matcher$9(StatusResultMatchers.java:640)
	at org.springframework.test.web.servlet.MockMvc$1.andExpect(MockMvc.java:214)
	at com.acelerador.polo_it_acelerador.UsuarioControllerResetPasswordIntegrationTest.testResetPassword_Success(UsuarioControllerResetPasswordIntegrationTest.java:107)
	at java.base/java.lang.reflect.Method.invoke(Method.java:565)
	at java.base/java.util.ArrayList.forEach(ArrayList.java:1604)
	at java.base/java.util.ArrayList.forEach(ArrayList.java:1604)

